<?xml version="1.0" encoding="UTF-8"?>
<testsuite name="com.viajes_mascotas.viajes_mascotas.ViajesMascotasApplicationTests" tests="1" skipped="0" failures="0" errors="0" timestamp="2025-05-05T17:27:47.280Z" hostname="DESKTOP-J49R2VV" time="0.386">
  <properties/>
  <testcase name="contextLoads()" classname="com.viajes_mascotas.viajes_mascotas.ViajesMascotasApplicationTests" time="0.386"/>
  <system-out><![CDATA[13:27:42.108 [Test worker] INFO org.springframework.test.context.support.AnnotationConfigContextLoaderUtils -- Could not detect default configuration classes for test class [com.viajes_mascotas.viajes_mascotas.ViajesMascotasApplicationTests]: ViajesMascotasApplicationTests does not declare any static, non-private, non-final, nested classes annotated with @Configuration.
13:27:42.208 [Test worker] INFO org.springframework.boot.test.context.SpringBootTestContextBootstrapper -- Found @SpringBootConfiguration com.viajes_mascotas.viajes_mascotas.ViajesMascotasApplication for test class com.viajes_mascotas.viajes_mascotas.ViajesMascotasApplicationTests
13:27:42.359 [Test worker] INFO org.springframework.boot.devtools.restart.RestartApplicationListener -- Restart disabled due to context in which it is running

  .   ____          _            __ _ _
 /\\ / ___'_ __ _ _(_)_ __  __ _ \ \ \ \
( ( )\___ | '_ | '_| | '_ \/ _` | \ \ \ \
 \\/  ___)| |_)| | | | | || (_| |  ) ) ) )
  '  |____| .__|_| |_|_| |_\__, | / / / /
 =========|_|==============|___/=/_/_/_/

 :: Spring Boot ::                (v3.4.4)

2025-05-05T13:27:42.590-04:00  INFO 28952 --- [viajes_mascotas] [    Test worker] c.v.v.ViajesMascotasApplicationTests     : Starting ViajesMascotasApplicationTests using Java 21.0.6 with PID 28952 (started by GH in C:\Users\GH\Ingenieria desarrollo de software\Desarrollo Fullstack 1\Semana 3\Actividad\Proyectos\viajes_mascotas)
2025-05-05T13:27:42.591-04:00  INFO 28952 --- [viajes_mascotas] [    Test worker] c.v.v.ViajesMascotasApplicationTests     : No active profile set, falling back to 1 default profile: "default"
2025-05-05T13:27:43.174-04:00  INFO 28952 --- [viajes_mascotas] [    Test worker] .s.d.r.c.RepositoryConfigurationDelegate : Bootstrapping Spring Data JPA repositories in DEFAULT mode.
2025-05-05T13:27:43.240-04:00  INFO 28952 --- [viajes_mascotas] [    Test worker] .s.d.r.c.RepositoryConfigurationDelegate : Finished Spring Data repository scanning in 57 ms. Found 3 JPA repository interfaces.
2025-05-05T13:27:43.840-04:00  INFO 28952 --- [viajes_mascotas] [    Test worker] o.hibernate.jpa.internal.util.LogHelper  : HHH000204: Processing PersistenceUnitInfo [name: default]
2025-05-05T13:27:43.897-04:00  INFO 28952 --- [viajes_mascotas] [    Test worker] org.hibernate.Version                    : HHH000412: Hibernate ORM core version 6.6.11.Final
2025-05-05T13:27:43.924-04:00  INFO 28952 --- [viajes_mascotas] [    Test worker] o.h.c.internal.RegionFactoryInitiator    : HHH000026: Second-level cache disabled
2025-05-05T13:27:44.241-04:00  INFO 28952 --- [viajes_mascotas] [    Test worker] o.s.o.j.p.SpringPersistenceUnitInfo      : No LoadTimeWeaver setup: ignoring JPA class transformer
2025-05-05T13:27:44.266-04:00  INFO 28952 --- [viajes_mascotas] [    Test worker] com.zaxxer.hikari.HikariDataSource       : HikariPool-1 - Starting...
2025-05-05T13:27:44.269-04:00  WARN 28952 --- [viajes_mascotas] [    Test worker] c.zaxxer.hikari.util.DriverDataSource    : Registered driver with driverClassName=oracle.jdbc.driver.OracleDriver was not found, trying direct instantiation.
2025-05-05T13:27:45.010-04:00  INFO 28952 --- [viajes_mascotas] [    Test worker] com.zaxxer.hikari.pool.HikariPool        : HikariPool-1 - Added connection oracle.jdbc.driver.T4CConnection@2f73f0c7
2025-05-05T13:27:45.011-04:00  INFO 28952 --- [viajes_mascotas] [    Test worker] com.zaxxer.hikari.HikariDataSource       : HikariPool-1 - Start completed.
2025-05-05T13:27:45.212-04:00  WARN 28952 --- [viajes_mascotas] [    Test worker] org.hibernate.orm.deprecation            : HHH90000025: OracleDialect does not need to be specified explicitly using 'hibernate.dialect' (remove the property setting and it will be selected by default)
2025-05-05T13:27:45.258-04:00  INFO 28952 --- [viajes_mascotas] [    Test worker] org.hibernate.orm.connections.pooling    : HHH10001005: Database info:
	Database JDBC URL [Connecting through datasource 'HikariDataSource (HikariPool-1)']
	Database driver: undefined/unknown
	Database version: 19.27
	Autocommit mode: undefined/unknown
	Isolation level: undefined/unknown
	Minimum pool size: undefined/unknown
	Maximum pool size: undefined/unknown
2025-05-05T13:27:46.170-04:00  INFO 28952 --- [viajes_mascotas] [    Test worker] o.h.e.t.j.p.i.JtaPlatformInitiator       : HHH000489: No JTA platform available (set 'hibernate.transaction.jta.platform' to enable JTA platform integration)
2025-05-05T13:27:46.173-04:00  INFO 28952 --- [viajes_mascotas] [    Test worker] j.LocalContainerEntityManagerFactoryBean : Initialized JPA EntityManagerFactory for persistence unit 'default'
2025-05-05T13:27:46.721-04:00  WARN 28952 --- [viajes_mascotas] [    Test worker] JpaBaseConfiguration$JpaWebConfiguration : spring.jpa.open-in-view is enabled by default. Therefore, database queries may be performed during view rendering. Explicitly configure spring.jpa.open-in-view to disable this warning
2025-05-05T13:27:47.260-04:00  INFO 28952 --- [viajes_mascotas] [    Test worker] c.v.v.ViajesMascotasApplicationTests     : Started ViajesMascotasApplicationTests in 4.911 seconds (process running for 5.911)
]]></system-out>
  <system-err><![CDATA[Mockito is currently self-attaching to enable the inline-mock-maker. This will no longer work in future releases of the JDK. Please add Mockito as an agent to your build what is described in Mockito's documentation: https://javadoc.io/doc/org.mockito/mockito-core/latest/org/mockito/Mockito.html#0.3
WARNING: A Java agent has been loaded dynamically (C:\Users\GH\.gradle\caches\modules-2\files-2.1\net.bytebuddy\byte-buddy-agent\1.15.11\a38b16385e867f59a641330f0362ebe742788ed8\byte-buddy-agent-1.15.11.jar)
WARNING: If a serviceability tool is in use, please run with -XX:+EnableDynamicAgentLoading to hide this warning
WARNING: If a serviceability tool is not in use, please run with -Djdk.instrument.traceUsage for more information
WARNING: Dynamic loading of agents will be disallowed by default in a future release
]]></system-err>
</testsuite>
