<?xml version="1.0" encoding="UTF-8"?>
<testsuite name="com.viajes_mascotas.viajes_mascotas.service.UserSvcTest" tests="2" skipped="0" failures="0" errors="0" timestamp="2025-05-05T17:27:49.213Z" hostname="DESKTOP-J49R2VV" time="0.214">
  <properties/>
  <testcase name="getUsersByTypeTest()" classname="com.viajes_mascotas.viajes_mascotas.service.UserSvcTest" time="0.197"/>
  <testcase name="getUserByIdTest()" classname="com.viajes_mascotas.viajes_mascotas.service.UserSvcTest" time="0.017"/>
  <system-out><![CDATA[2025-05-05T13:27:48.541-04:00  INFO 28952 --- [viajes_mascotas] [    Test worker] t.c.s.AnnotationConfigContextLoaderUtils : Could not detect default configuration classes for test class [com.viajes_mascotas.viajes_mascotas.service.UserSvcTest]: UserSvcTest does not declare any static, non-private, non-final, nested classes annotated with @Configuration.
2025-05-05T13:27:48.548-04:00  INFO 28952 --- [viajes_mascotas] [    Test worker] .b.t.c.SpringBootTestContextBootstrapper : Found @SpringBootConfiguration com.viajes_mascotas.viajes_mascotas.ViajesMascotasApplication for test class com.viajes_mascotas.viajes_mascotas.service.UserSvcTest
2025-05-05T13:27:48.551-04:00  INFO 28952 --- [viajes_mascotas] [    Test worker] o.s.b.d.r.RestartApplicationListener     : Restart disabled due to context in which it is running

  .   ____          _            __ _ _
 /\\ / ___'_ __ _ _(_)_ __  __ _ \ \ \ \
( ( )\___ | '_ | '_| | '_ \/ _` | \ \ \ \
 \\/  ___)| |_)| | | | | || (_| |  ) ) ) )
  '  |____| .__|_| |_|_| |_\__, | / / / /
 =========|_|==============|___/=/_/_/_/

 :: Spring Boot ::                (v3.4.4)

2025-05-05T13:27:48.568-04:00  INFO 28952 --- [viajes_mascotas] [    Test worker] c.v.viajes_mascotas.service.UserSvcTest  : Starting UserSvcTest using Java 21.0.6 with PID 28952 (started by GH in C:\Users\GH\Ingenieria desarrollo de software\Desarrollo Fullstack 1\Semana 3\Actividad\Proyectos\viajes_mascotas)
2025-05-05T13:27:48.568-04:00  INFO 28952 --- [viajes_mascotas] [    Test worker] c.v.viajes_mascotas.service.UserSvcTest  : No active profile set, falling back to 1 default profile: "default"
2025-05-05T13:27:48.709-04:00  INFO 28952 --- [viajes_mascotas] [    Test worker] .s.d.r.c.RepositoryConfigurationDelegate : Bootstrapping Spring Data JPA repositories in DEFAULT mode.
2025-05-05T13:27:48.723-04:00  INFO 28952 --- [viajes_mascotas] [    Test worker] .s.d.r.c.RepositoryConfigurationDelegate : Finished Spring Data repository scanning in 13 ms. Found 3 JPA repository interfaces.
2025-05-05T13:27:48.780-04:00  INFO 28952 --- [viajes_mascotas] [    Test worker] o.hibernate.jpa.internal.util.LogHelper  : HHH000204: Processing PersistenceUnitInfo [name: default]
2025-05-05T13:27:48.782-04:00  INFO 28952 --- [viajes_mascotas] [    Test worker] o.h.c.internal.RegionFactoryInitiator    : HHH000026: Second-level cache disabled
2025-05-05T13:27:48.791-04:00  INFO 28952 --- [viajes_mascotas] [    Test worker] o.s.o.j.p.SpringPersistenceUnitInfo      : No LoadTimeWeaver setup: ignoring JPA class transformer
2025-05-05T13:27:48.792-04:00  INFO 28952 --- [viajes_mascotas] [    Test worker] com.zaxxer.hikari.HikariDataSource       : HikariPool-3 - Starting...
2025-05-05T13:27:48.792-04:00  WARN 28952 --- [viajes_mascotas] [    Test worker] c.zaxxer.hikari.util.DriverDataSource    : Registered driver with driverClassName=oracle.jdbc.driver.OracleDriver was not found, trying direct instantiation.
2025-05-05T13:27:48.964-04:00  INFO 28952 --- [viajes_mascotas] [    Test worker] com.zaxxer.hikari.pool.HikariPool        : HikariPool-3 - Added connection oracle.jdbc.driver.T4CConnection@37d92db4
2025-05-05T13:27:48.964-04:00  INFO 28952 --- [viajes_mascotas] [    Test worker] com.zaxxer.hikari.HikariDataSource       : HikariPool-3 - Start completed.
2025-05-05T13:27:48.981-04:00  WARN 28952 --- [viajes_mascotas] [    Test worker] org.hibernate.orm.deprecation            : HHH90000025: OracleDialect does not need to be specified explicitly using 'hibernate.dialect' (remove the property setting and it will be selected by default)
2025-05-05T13:27:49.007-04:00  INFO 28952 --- [viajes_mascotas] [    Test worker] org.hibernate.orm.connections.pooling    : HHH10001005: Database info:
	Database JDBC URL [Connecting through datasource 'HikariDataSource (HikariPool-3)']
	Database driver: undefined/unknown
	Database version: 19.27
	Autocommit mode: undefined/unknown
	Isolation level: undefined/unknown
	Minimum pool size: undefined/unknown
	Maximum pool size: undefined/unknown
2025-05-05T13:27:49.065-04:00  INFO 28952 --- [viajes_mascotas] [    Test worker] o.h.e.t.j.p.i.JtaPlatformInitiator       : HHH000489: No JTA platform available (set 'hibernate.transaction.jta.platform' to enable JTA platform integration)
2025-05-05T13:27:49.065-04:00  INFO 28952 --- [viajes_mascotas] [    Test worker] j.LocalContainerEntityManagerFactoryBean : Initialized JPA EntityManagerFactory for persistence unit 'default'
2025-05-05T13:27:49.128-04:00  WARN 28952 --- [viajes_mascotas] [    Test worker] JpaBaseConfiguration$JpaWebConfiguration : spring.jpa.open-in-view is enabled by default. Therefore, database queries may be performed during view rendering. Explicitly configure spring.jpa.open-in-view to disable this warning
2025-05-05T13:27:49.211-04:00  INFO 28952 --- [viajes_mascotas] [    Test worker] c.v.viajes_mascotas.service.UserSvcTest  : Started UserSvcTest in 0.66 seconds (process running for 7.861)
]]></system-out>
  <system-err><![CDATA[]]></system-err>
</testsuite>
