<?xml version="1.0" encoding="UTF-8"?>
<testsuite name="com.viajes_mascotas.viajes_mascotas.repository.PetRepositoryTest" tests="2" skipped="0" failures="0" errors="0" timestamp="2025-05-05T17:27:48.229Z" hostname="DESKTOP-J49R2VV" time="0.309">
  <properties/>
  <testcase name="getPetByIdTest()" classname="com.viajes_mascotas.viajes_mascotas.repository.PetRepositoryTest" time="0.149"/>
  <testcase name="findAllTest()" classname="com.viajes_mascotas.viajes_mascotas.repository.PetRepositoryTest" time="0.159"/>
  <system-out><![CDATA[2025-05-05T13:27:47.673-04:00  INFO 28952 --- [viajes_mascotas] [    Test worker] t.c.s.AnnotationConfigContextLoaderUtils : Could not detect default configuration classes for test class [com.viajes_mascotas.viajes_mascotas.repository.PetRepositoryTest]: PetRepositoryTest does not declare any static, non-private, non-final, nested classes annotated with @Configuration.
2025-05-05T13:27:47.698-04:00  INFO 28952 --- [viajes_mascotas] [    Test worker] .b.t.c.SpringBootTestContextBootstrapper : Found @SpringBootConfiguration com.viajes_mascotas.viajes_mascotas.ViajesMascotasApplication for test class com.viajes_mascotas.viajes_mascotas.repository.PetRepositoryTest
2025-05-05T13:27:47.702-04:00  INFO 28952 --- [viajes_mascotas] [    Test worker] o.s.b.d.r.RestartApplicationListener     : Restart disabled due to context in which it is running

  .   ____          _            __ _ _
 /\\ / ___'_ __ _ _(_)_ __  __ _ \ \ \ \
( ( )\___ | '_ | '_| | '_ \/ _` | \ \ \ \
 \\/  ___)| |_)| | | | | || (_| |  ) ) ) )
  '  |____| .__|_| |_|_| |_\__, | / / / /
 =========|_|==============|___/=/_/_/_/

 :: Spring Boot ::                (v3.4.4)

2025-05-05T13:27:47.732-04:00  INFO 28952 --- [viajes_mascotas] [    Test worker] c.v.v.repository.PetRepositoryTest       : Starting PetRepositoryTest using Java 21.0.6 with PID 28952 (started by GH in C:\Users\GH\Ingenieria desarrollo de software\Desarrollo Fullstack 1\Semana 3\Actividad\Proyectos\viajes_mascotas)
2025-05-05T13:27:47.732-04:00  INFO 28952 --- [viajes_mascotas] [    Test worker] c.v.v.repository.PetRepositoryTest       : No active profile set, falling back to 1 default profile: "default"
2025-05-05T13:27:47.811-04:00  INFO 28952 --- [viajes_mascotas] [    Test worker] .s.d.r.c.RepositoryConfigurationDelegate : Bootstrapping Spring Data JPA repositories in DEFAULT mode.
2025-05-05T13:27:47.828-04:00  INFO 28952 --- [viajes_mascotas] [    Test worker] .s.d.r.c.RepositoryConfigurationDelegate : Finished Spring Data repository scanning in 15 ms. Found 3 JPA repository interfaces.
2025-05-05T13:27:47.871-04:00  INFO 28952 --- [viajes_mascotas] [    Test worker] o.hibernate.jpa.internal.util.LogHelper  : HHH000204: Processing PersistenceUnitInfo [name: default]
2025-05-05T13:27:47.874-04:00  INFO 28952 --- [viajes_mascotas] [    Test worker] o.h.c.internal.RegionFactoryInitiator    : HHH000026: Second-level cache disabled
2025-05-05T13:27:47.885-04:00  INFO 28952 --- [viajes_mascotas] [    Test worker] o.s.o.j.p.SpringPersistenceUnitInfo      : No LoadTimeWeaver setup: ignoring JPA class transformer
2025-05-05T13:27:47.886-04:00  INFO 28952 --- [viajes_mascotas] [    Test worker] com.zaxxer.hikari.HikariDataSource       : HikariPool-2 - Starting...
2025-05-05T13:27:47.887-04:00  WARN 28952 --- [viajes_mascotas] [    Test worker] c.zaxxer.hikari.util.DriverDataSource    : Registered driver with driverClassName=oracle.jdbc.driver.OracleDriver was not found, trying direct instantiation.
2025-05-05T13:27:48.070-04:00  INFO 28952 --- [viajes_mascotas] [    Test worker] com.zaxxer.hikari.pool.HikariPool        : HikariPool-2 - Added connection oracle.jdbc.driver.T4CConnection@a700311
2025-05-05T13:27:48.070-04:00  INFO 28952 --- [viajes_mascotas] [    Test worker] com.zaxxer.hikari.HikariDataSource       : HikariPool-2 - Start completed.
2025-05-05T13:27:48.089-04:00  WARN 28952 --- [viajes_mascotas] [    Test worker] org.hibernate.orm.deprecation            : HHH90000025: OracleDialect does not need to be specified explicitly using 'hibernate.dialect' (remove the property setting and it will be selected by default)
2025-05-05T13:27:48.115-04:00  INFO 28952 --- [viajes_mascotas] [    Test worker] org.hibernate.orm.connections.pooling    : HHH10001005: Database info:
	Database JDBC URL [Connecting through datasource 'HikariDataSource (HikariPool-2)']
	Database driver: undefined/unknown
	Database version: 19.27
	Autocommit mode: undefined/unknown
	Isolation level: undefined/unknown
	Minimum pool size: undefined/unknown
	Maximum pool size: undefined/unknown
2025-05-05T13:27:48.192-04:00  INFO 28952 --- [viajes_mascotas] [    Test worker] o.h.e.t.j.p.i.JtaPlatformInitiator       : HHH000489: No JTA platform available (set 'hibernate.transaction.jta.platform' to enable JTA platform integration)
2025-05-05T13:27:48.192-04:00  INFO 28952 --- [viajes_mascotas] [    Test worker] j.LocalContainerEntityManagerFactoryBean : Initialized JPA EntityManagerFactory for persistence unit 'default'
2025-05-05T13:27:48.227-04:00  INFO 28952 --- [viajes_mascotas] [    Test worker] c.v.v.repository.PetRepositoryTest       : Started PetRepositoryTest in 0.526 seconds (process running for 6.877)
Hibernate: select p1_0.id,p1_0.name,o1_0.id,o1_0.email,o1_0.first_name,o1_0.last_name,o1_0.password,o1_0.type,p1_0.type from pet p1_0 left join users o1_0 on o1_0.id=p1_0.owner_id where p1_0.id=?
Hibernate: select p1_0.id,p1_0.name,p1_0.owner_id,p1_0.type from pet p1_0
Hibernate: select u1_0.id,u1_0.email,u1_0.first_name,u1_0.last_name,u1_0.password,u1_0.type from users u1_0 where u1_0.id=?
]]></system-out>
  <system-err><![CDATA[]]></system-err>
</testsuite>
